{"level":30,"timestamp":"2025-07-23T13:42:57.089Z","env":"production","version":"1.0.0","env":"production","nodeVersion":"v22.17.1","pid":12364,"message":"Logger initialized successfully"}
{"level":30,"timestamp":"2025-07-23T13:43:15.878Z","env":"production","version":"1.0.0","method":"GET","url":"/","statusCode":304,"responseTime":"10.00ms","userAgent":"Mozilla/5.0 (Windows NT 10.0; Win64; x64) AppleWebKit/537.36 (KHTML, like Gecko) Chrome/138.0.0.0 Safari/537.36","ip":"::1","message":"Request completed"}
{"level":30,"timestamp":"2025-07-23T13:43:16.875Z","env":"production","version":"1.0.0","method":"GET","url":"/","statusCode":304,"responseTime":"2.69ms","userAgent":"Mozilla/5.0 (Windows NT 10.0; Win64; x64) AppleWebKit/537.36 (KHTML, like Gecko) Chrome/138.0.0.0 Safari/537.36","ip":"::1","message":"Request completed"}
{"level":30,"timestamp":"2025-07-23T13:43:17.655Z","env":"production","version":"1.0.0","method":"GET","url":"/","statusCode":304,"responseTime":"2.21ms","userAgent":"Mozilla/5.0 (Windows NT 10.0; Win64; x64) AppleWebKit/537.36 (KHTML, like Gecko) Chrome/138.0.0.0 Safari/537.36","ip":"::1","message":"Request completed"}
{"level":30,"timestamp":"2025-07-23T13:43:18.388Z","env":"production","version":"1.0.0","method":"GET","url":"/","statusCode":304,"responseTime":"2.65ms","userAgent":"Mozilla/5.0 (Windows NT 10.0; Win64; x64) AppleWebKit/537.36 (KHTML, like Gecko) Chrome/138.0.0.0 Safari/537.36","ip":"::1","message":"Request completed"}
{"level":30,"timestamp":"2025-07-25T10:38:06.556Z","env":"production","version":"1.0.0","env":"production","nodeVersion":"v22.17.1","pid":4920,"message":"Logger initialized successfully"}
{"level":30,"timestamp":"2025-07-25T10:38:20.447Z","env":"production","version":"1.0.0","method":"GET","url":"/","statusCode":304,"responseTime":"3.73ms","userAgent":"Mozilla/5.0 (Windows NT 10.0; Win64; x64) AppleWebKit/537.36 (KHTML, like Gecko) Chrome/138.0.0.0 Safari/537.36","ip":"::1","message":"Request completed"}
{"level":30,"timestamp":"2025-07-25T10:38:20.663Z","env":"production","version":"1.0.0","method":"GET","url":"/swagger-ui.css","statusCode":304,"responseTime":"1.08ms","userAgent":"Mozilla/5.0 (Windows NT 10.0; Win64; x64) AppleWebKit/537.36 (KHTML, like Gecko) Chrome/138.0.0.0 Safari/537.36","ip":"::1","message":"Request completed"}
{"level":30,"timestamp":"2025-07-25T10:38:20.665Z","env":"production","version":"1.0.0","method":"GET","url":"/swagger-ui-bundle.js","statusCode":304,"responseTime":"0.81ms","userAgent":"Mozilla/5.0 (Windows NT 10.0; Win64; x64) AppleWebKit/537.36 (KHTML, like Gecko) Chrome/138.0.0.0 Safari/537.36","ip":"::1","message":"Request completed"}
{"level":30,"timestamp":"2025-07-25T10:38:20.665Z","env":"production","version":"1.0.0","method":"GET","url":"/swagger-ui-init.js","statusCode":304,"responseTime":"0.36ms","userAgent":"Mozilla/5.0 (Windows NT 10.0; Win64; x64) AppleWebKit/537.36 (KHTML, like Gecko) Chrome/138.0.0.0 Safari/537.36","ip":"::1","message":"Request completed"}
{"level":30,"timestamp":"2025-07-25T10:38:20.666Z","env":"production","version":"1.0.0","method":"GET","url":"/swagger-ui-standalone-preset.js","statusCode":304,"responseTime":"1.47ms","userAgent":"Mozilla/5.0 (Windows NT 10.0; Win64; x64) AppleWebKit/537.36 (KHTML, like Gecko) Chrome/138.0.0.0 Safari/537.36","ip":"::1","message":"Request completed"}
{"level":30,"timestamp":"2025-07-25T10:39:14.024Z","env":"production","version":"1.0.0","method":"POST","url":"/","statusCode":200,"responseTime":"116.12ms","userAgent":"node","ip":"::1","message":"Request completed"}
{"level":30,"timestamp":"2025-07-25T10:39:15.211Z","env":"production","version":"1.0.0","method":"GET","url":"/","statusCode":200,"responseTime":"4.32ms","userAgent":"node","ip":"::1","message":"Request completed"}
{"level":30,"timestamp":"2025-07-25T10:39:36.611Z","env":"production","version":"1.0.0","method":"POST","url":"/","statusCode":200,"responseTime":"51.00ms","userAgent":"node","ip":"::1","message":"Request completed"}
{"level":30,"timestamp":"2025-07-25T10:39:39.504Z","env":"production","version":"1.0.0","method":"GET","url":"/","statusCode":200,"responseTime":"17.95ms","userAgent":"node","ip":"::1","message":"Request completed"}
{"level":30,"timestamp":"2025-07-25T10:39:39.512Z","env":"production","version":"1.0.0","method":"GET","url":"/","statusCode":200,"responseTime":"1.60ms","userAgent":"node","ip":"::1","message":"Request completed"}
{"level":30,"timestamp":"2025-07-25T10:43:15.429Z","env":"production","version":"1.0.0","method":"GET","url":"/","statusCode":200,"responseTime":"2.30ms","userAgent":"node","ip":"::1","message":"Request completed"}
{"level":30,"timestamp":"2025-07-25T10:45:52.867Z","env":"production","version":"1.0.0","method":"GET","url":"/","statusCode":200,"responseTime":"6.55ms","userAgent":"node","ip":"::1","message":"Request completed"}
{"level":30,"timestamp":"2025-07-25T10:45:52.875Z","env":"production","version":"1.0.0","method":"GET","url":"/","statusCode":200,"responseTime":"2.04ms","userAgent":"node","ip":"::1","message":"Request completed"}
{"level":30,"timestamp":"2025-07-25T10:46:07.941Z","env":"production","version":"1.0.0","method":"GET","url":"/pages/1","statusCode":200,"responseTime":"17.44ms","userAgent":"node","ip":"::1","message":"Request completed"}
{"level":30,"timestamp":"2025-07-25T10:46:07.958Z","env":"production","version":"1.0.0","method":"GET","url":"/pages/1","statusCode":200,"responseTime":"3.41ms","userAgent":"node","ip":"::1","message":"Request completed"}
{"level":30,"timestamp":"2025-07-25T10:46:20.243Z","env":"production","version":"1.0.0","method":"GET","url":"/pages/1","statusCode":200,"responseTime":"3.20ms","userAgent":"node","ip":"::1","message":"Request completed"}
{"level":30,"timestamp":"2025-07-25T10:46:20.253Z","env":"production","version":"1.0.0","method":"GET","url":"/pages/1","statusCode":200,"responseTime":"2.81ms","userAgent":"node","ip":"::1","message":"Request completed"}
{"level":30,"timestamp":"2025-07-25T10:46:22.890Z","env":"production","version":"1.0.0","method":"GET","url":"/pages/2","statusCode":200,"responseTime":"3.53ms","userAgent":"node","ip":"::1","message":"Request completed"}
{"level":30,"timestamp":"2025-07-25T10:46:24.574Z","env":"production","version":"1.0.0","method":"GET","url":"/pages/3","statusCode":200,"responseTime":"3.64ms","userAgent":"node","ip":"::1","message":"Request completed"}
{"level":30,"timestamp":"2025-07-25T10:46:26.172Z","env":"production","version":"1.0.0","method":"GET","url":"/pages/2","statusCode":200,"responseTime":"3.40ms","userAgent":"node","ip":"::1","message":"Request completed"}
{"level":30,"timestamp":"2025-07-25T10:46:27.825Z","env":"production","version":"1.0.0","method":"GET","url":"/pages/1","statusCode":200,"responseTime":"3.04ms","userAgent":"node","ip":"::1","message":"Request completed"}
{"level":30,"timestamp":"2025-07-25T10:46:32.262Z","env":"production","version":"1.0.0","method":"GET","url":"/","statusCode":200,"responseTime":"1.64ms","userAgent":"node","ip":"::1","message":"Request completed"}
{"level":30,"timestamp":"2025-07-25T10:46:32.269Z","env":"production","version":"1.0.0","method":"GET","url":"/","statusCode":200,"responseTime":"1.06ms","userAgent":"node","ip":"::1","message":"Request completed"}
{"level":30,"timestamp":"2025-07-25T10:46:36.312Z","env":"production","version":"1.0.0","method":"GET","url":"/","statusCode":200,"responseTime":"1.53ms","userAgent":"node","ip":"::1","message":"Request completed"}
{"level":30,"timestamp":"2025-07-25T10:46:36.318Z","env":"production","version":"1.0.0","method":"GET","url":"/","statusCode":200,"responseTime":"1.23ms","userAgent":"node","ip":"::1","message":"Request completed"}
{"level":30,"timestamp":"2025-07-25T10:47:22.064Z","env":"production","version":"1.0.0","method":"POST","url":"/","statusCode":200,"responseTime":"50.54ms","userAgent":"node","ip":"::1","message":"Request completed"}
{"level":30,"timestamp":"2025-07-25T10:49:26.768Z","env":"production","version":"1.0.0","method":"PUT","url":"/1","statusCode":201,"responseTime":"20.93ms","userAgent":"node","ip":"::1","message":"Request completed"}
{"level":30,"timestamp":"2025-07-25T10:50:29.938Z","env":"production","version":"1.0.0","method":"GET","url":"/available","statusCode":200,"responseTime":"1.49ms","userAgent":"node","ip":"::1","message":"Request completed"}
{"level":30,"timestamp":"2025-07-25T10:50:39.194Z","env":"production","version":"1.0.0","method":"GET","url":"/","statusCode":200,"responseTime":"1.66ms","userAgent":"node","ip":"::1","message":"Request completed"}
{"level":30,"timestamp":"2025-07-25T10:50:39.202Z","env":"production","version":"1.0.0","method":"GET","url":"/","statusCode":200,"responseTime":"1.69ms","userAgent":"node","ip":"::1","message":"Request completed"}
{"level":30,"timestamp":"2025-07-25T10:50:40.089Z","env":"production","version":"1.0.0","method":"GET","url":"/","statusCode":200,"responseTime":"1.13ms","userAgent":"node","ip":"::1","message":"Request completed"}
{"level":30,"timestamp":"2025-07-25T10:50:58.076Z","env":"production","version":"1.0.0","method":"PUT","url":"/2","statusCode":200,"responseTime":"18.11ms","userAgent":"node","ip":"::1","message":"Request completed"}
{"level":30,"timestamp":"2025-07-25T10:51:07.862Z","env":"production","version":"1.0.0","method":"GET","url":"/pages/1","statusCode":200,"responseTime":"4.21ms","userAgent":"node","ip":"::1","message":"Request completed"}
{"level":30,"timestamp":"2025-07-25T10:51:07.873Z","env":"production","version":"1.0.0","method":"GET","url":"/pages/1","statusCode":200,"responseTime":"2.95ms","userAgent":"node","ip":"::1","message":"Request completed"}
{"level":30,"timestamp":"2025-07-25T10:51:08.923Z","env":"production","version":"1.0.0","method":"GET","url":"/","statusCode":200,"responseTime":"2.19ms","userAgent":"node","ip":"::1","message":"Request completed"}
{"level":30,"timestamp":"2025-07-25T10:51:11.116Z","env":"production","version":"1.0.0","method":"GET","url":"/","statusCode":200,"responseTime":"1.70ms","userAgent":"node","ip":"::1","message":"Request completed"}
{"level":30,"timestamp":"2025-07-25T10:51:11.122Z","env":"production","version":"1.0.0","method":"GET","url":"/","statusCode":200,"responseTime":"1.09ms","userAgent":"node","ip":"::1","message":"Request completed"}
{"level":30,"timestamp":"2025-07-25T11:00:00.201Z","env":"production","version":"1.0.0","method":"GET","url":"/","statusCode":200,"responseTime":"2.93ms","userAgent":"node","ip":"::1","message":"Request completed"}
{"level":30,"timestamp":"2025-07-25T11:00:00.202Z","env":"production","version":"1.0.0","method":"GET","url":"/","statusCode":200,"responseTime":"2.19ms","userAgent":"node","ip":"::1","message":"Request completed"}
{"level":30,"timestamp":"2025-07-25T11:00:50.566Z","env":"production","version":"1.0.0","method":"GET","url":"/","statusCode":200,"responseTime":"1.61ms","userAgent":"node","ip":"::1","message":"Request completed"}
{"level":30,"timestamp":"2025-07-25T11:00:50.566Z","env":"production","version":"1.0.0","method":"GET","url":"/","statusCode":200,"responseTime":"1.27ms","userAgent":"node","ip":"::1","message":"Request completed"}
{"level":30,"timestamp":"2025-07-25T11:00:55.928Z","env":"production","version":"1.0.0","method":"GET","url":"/","statusCode":200,"responseTime":"1.50ms","userAgent":"node","ip":"::1","message":"Request completed"}
{"level":30,"timestamp":"2025-07-25T11:00:55.932Z","env":"production","version":"1.0.0","method":"GET","url":"/","statusCode":200,"responseTime":"1.27ms","userAgent":"node","ip":"::1","message":"Request completed"}
{"level":30,"timestamp":"2025-07-25T11:02:37.997Z","env":"production","version":"1.0.0","method":"GET","url":"/","statusCode":200,"responseTime":"1.70ms","userAgent":"node","ip":"::1","message":"Request completed"}
{"level":30,"timestamp":"2025-07-25T11:02:37.998Z","env":"production","version":"1.0.0","method":"GET","url":"/","statusCode":200,"responseTime":"1.60ms","userAgent":"node","ip":"::1","message":"Request completed"}
{"level":30,"timestamp":"2025-07-25T11:03:45.440Z","env":"production","version":"1.0.0","method":"GET","url":"/","statusCode":200,"responseTime":"1.44ms","userAgent":"node","ip":"::1","message":"Request completed"}
{"level":30,"timestamp":"2025-07-25T11:03:45.440Z","env":"production","version":"1.0.0","method":"GET","url":"/","statusCode":200,"responseTime":"0.99ms","userAgent":"node","ip":"::1","message":"Request completed"}
{"level":30,"timestamp":"2025-07-25T11:03:51.522Z","env":"production","version":"1.0.0","method":"GET","url":"/","statusCode":200,"responseTime":"1.49ms","userAgent":"node","ip":"::1","message":"Request completed"}
{"level":30,"timestamp":"2025-07-25T11:03:51.525Z","env":"production","version":"1.0.0","method":"GET","url":"/","statusCode":200,"responseTime":"0.98ms","userAgent":"node","ip":"::1","message":"Request completed"}
{"level":30,"timestamp":"2025-07-25T11:06:52.727Z","env":"production","version":"1.0.0","method":"GET","url":"/","statusCode":200,"responseTime":"2.14ms","userAgent":"node","ip":"::1","message":"Request completed"}
{"level":30,"timestamp":"2025-07-25T11:06:52.727Z","env":"production","version":"1.0.0","method":"GET","url":"/","statusCode":200,"responseTime":"3.47ms","userAgent":"node","ip":"::1","message":"Request completed"}
{"level":50,"timestamp":"2025-07-25T11:07:08.387Z","env":"production","version":"1.0.0","method":"POST","url":"/","statusCode":400,"responseTime":"0.82ms","userAgent":"node","ip":"::1","message":"Request failed"}
{"level":30,"timestamp":"2025-07-25T11:08:57.018Z","env":"production","version":"1.0.0","method":"GET","url":"/","statusCode":200,"responseTime":"2.15ms","userAgent":"node","ip":"::1","message":"Request completed"}
{"level":30,"timestamp":"2025-07-25T11:08:57.018Z","env":"production","version":"1.0.0","method":"GET","url":"/","statusCode":200,"responseTime":"1.57ms","userAgent":"node","ip":"::1","message":"Request completed"}
{"level":30,"timestamp":"2025-07-25T11:09:32.577Z","env":"production","version":"1.0.0","method":"POST","url":"/","statusCode":201,"responseTime":"54.31ms","userAgent":"node","ip":"::1","message":"Request completed"}
{"level":30,"timestamp":"2025-07-25T11:13:15.269Z","env":"production","version":"1.0.0","method":"DELETE","url":"/4","statusCode":200,"responseTime":"3.92ms","userAgent":"node","ip":"::1","message":"Request completed"}
{"level":30,"timestamp":"2025-07-25T11:13:17.810Z","env":"production","version":"1.0.0","method":"GET","url":"/","statusCode":200,"responseTime":"2.13ms","userAgent":"node","ip":"::1","message":"Request completed"}
{"level":30,"timestamp":"2025-07-25T11:13:17.816Z","env":"production","version":"1.0.0","method":"GET","url":"/","statusCode":200,"responseTime":"1.26ms","userAgent":"node","ip":"::1","message":"Request completed"}
{"level":30,"timestamp":"2025-07-25T11:13:26.910Z","env":"production","version":"1.0.0","method":"POST","url":"/","statusCode":201,"responseTime":"51.85ms","userAgent":"node","ip":"::1","message":"Request completed"}
{"level":30,"timestamp":"2025-07-25T11:13:29.059Z","env":"production","version":"1.0.0","method":"DELETE","url":"/5","statusCode":200,"responseTime":"2.32ms","userAgent":"node","ip":"::1","message":"Request completed"}
{"level":50,"timestamp":"2025-07-25T11:13:37.964Z","env":"production","version":"1.0.0","method":"POST","url":"/","statusCode":409,"responseTime":"1.55ms","userAgent":"node","ip":"::1","message":"Request failed"}
{"level":50,"timestamp":"2025-07-25T11:13:43.041Z","env":"production","version":"1.0.0","method":"POST","url":"/","statusCode":409,"responseTime":"1.29ms","userAgent":"node","ip":"::1","message":"Request failed"}
{"level":30,"timestamp":"2025-07-25T11:14:06.049Z","env":"production","version":"1.0.0","method":"GET","url":"/pages/1","statusCode":200,"responseTime":"3.94ms","userAgent":"node","ip":"::1","message":"Request completed"}
{"level":30,"timestamp":"2025-07-25T11:14:06.059Z","env":"production","version":"1.0.0","method":"GET","url":"/pages/1","statusCode":200,"responseTime":"2.64ms","userAgent":"node","ip":"::1","message":"Request completed"}
{"level":30,"timestamp":"2025-07-25T11:14:10.826Z","env":"production","version":"1.0.0","method":"GET","url":"/","statusCode":200,"responseTime":"1.76ms","userAgent":"node","ip":"::1","message":"Request completed"}
{"level":30,"timestamp":"2025-07-25T11:14:10.832Z","env":"production","version":"1.0.0","method":"GET","url":"/","statusCode":200,"responseTime":"1.15ms","userAgent":"node","ip":"::1","message":"Request completed"}
{"level":30,"timestamp":"2025-07-25T11:14:10.838Z","env":"production","version":"1.0.0","method":"GET","url":"/","statusCode":200,"responseTime":"1.30ms","userAgent":"node","ip":"::1","message":"Request completed"}
{"level":30,"timestamp":"2025-07-25T11:14:10.840Z","env":"production","version":"1.0.0","method":"GET","url":"/","statusCode":200,"responseTime":"1.08ms","userAgent":"node","ip":"::1","message":"Request completed"}
{"level":30,"timestamp":"2025-07-25T11:33:20.451Z","env":"production","version":"1.0.0","env":"production","nodeVersion":"v22.17.1","pid":8608,"message":"Logger initialized successfully"}
{"level":30,"timestamp":"2025-07-25T11:33:43.109Z","env":"production","version":"1.0.0","method":"POST","url":"/","statusCode":200,"responseTime":"114.24ms","userAgent":"node","ip":"::1","message":"Request completed"}
{"level":30,"timestamp":"2025-07-25T11:34:35.777Z","env":"production","version":"1.0.0","method":"GET","url":"/","statusCode":200,"responseTime":"5.00ms","userAgent":"node","ip":"::1","message":"Request completed"}
{"level":30,"timestamp":"2025-07-25T11:34:35.778Z","env":"production","version":"1.0.0","method":"GET","url":"/","statusCode":200,"responseTime":"3.26ms","userAgent":"node","ip":"::1","message":"Request completed"}
{"level":30,"timestamp":"2025-07-25T11:34:35.794Z","env":"production","version":"1.0.0","method":"GET","url":"/","statusCode":200,"responseTime":"2.03ms","userAgent":"node","ip":"::1","message":"Request completed"}
{"level":30,"timestamp":"2025-07-25T11:34:35.796Z","env":"production","version":"1.0.0","method":"GET","url":"/","statusCode":200,"responseTime":"1.63ms","userAgent":"node","ip":"::1","message":"Request completed"}
{"level":30,"timestamp":"2025-07-25T11:36:00.592Z","env":"production","version":"1.0.0","method":"POST","url":"/","statusCode":201,"responseTime":"57.36ms","userAgent":"node","ip":"::1","message":"Request completed"}
{"level":30,"timestamp":"2025-07-25T11:36:07.886Z","env":"production","version":"1.0.0","method":"DELETE","url":"/6","statusCode":200,"responseTime":"18.37ms","userAgent":"node","ip":"::1","message":"Request completed"}
{"level":30,"timestamp":"2025-07-25T11:36:15.905Z","env":"production","version":"1.0.0","method":"GET","url":"/","statusCode":200,"responseTime":"2.36ms","userAgent":"node","ip":"::1","message":"Request completed"}
{"level":30,"timestamp":"2025-07-25T11:36:16.161Z","env":"production","version":"1.0.0","method":"GET","url":"/","statusCode":200,"responseTime":"2.34ms","userAgent":"node","ip":"::1","message":"Request completed"}
{"level":30,"timestamp":"2025-07-25T11:36:16.166Z","env":"production","version":"1.0.0","method":"GET","url":"/","statusCode":200,"responseTime":"1.65ms","userAgent":"node","ip":"::1","message":"Request completed"}
{"level":30,"timestamp":"2025-07-25T11:36:16.171Z","env":"production","version":"1.0.0","method":"GET","url":"/","statusCode":200,"responseTime":"1.01ms","userAgent":"node","ip":"::1","message":"Request completed"}
{"level":30,"timestamp":"2025-07-25T11:36:23.169Z","env":"production","version":"1.0.0","method":"GET","url":"/pages/1","statusCode":200,"responseTime":"9.49ms","userAgent":"node","ip":"::1","message":"Request completed"}
{"level":30,"timestamp":"2025-07-25T11:36:23.183Z","env":"production","version":"1.0.0","method":"GET","url":"/pages/1","statusCode":200,"responseTime":"3.15ms","userAgent":"node","ip":"::1","message":"Request completed"}
{"level":30,"timestamp":"2025-07-25T11:36:28.889Z","env":"production","version":"1.0.0","method":"GET","url":"/","statusCode":200,"responseTime":"1.75ms","userAgent":"node","ip":"::1","message":"Request completed"}
{"level":30,"timestamp":"2025-07-25T11:36:28.893Z","env":"production","version":"1.0.0","method":"GET","url":"/","statusCode":200,"responseTime":"1.02ms","userAgent":"node","ip":"::1","message":"Request completed"}
{"level":30,"timestamp":"2025-07-25T11:36:28.900Z","env":"production","version":"1.0.0","method":"GET","url":"/","statusCode":200,"responseTime":"1.18ms","userAgent":"node","ip":"::1","message":"Request completed"}
{"level":30,"timestamp":"2025-07-25T11:36:28.901Z","env":"production","version":"1.0.0","method":"GET","url":"/","statusCode":200,"responseTime":"1.09ms","userAgent":"node","ip":"::1","message":"Request completed"}
{"level":30,"timestamp":"2025-07-25T11:36:54.770Z","env":"production","version":"1.0.0","method":"GET","url":"/","statusCode":200,"responseTime":"1.90ms","userAgent":"node","ip":"::1","message":"Request completed"}
{"level":30,"timestamp":"2025-07-25T11:36:54.773Z","env":"production","version":"1.0.0","method":"GET","url":"/","statusCode":200,"responseTime":"1.25ms","userAgent":"node","ip":"::1","message":"Request completed"}
{"level":30,"timestamp":"2025-07-25T11:36:54.781Z","env":"production","version":"1.0.0","method":"GET","url":"/","statusCode":200,"responseTime":"1.37ms","userAgent":"node","ip":"::1","message":"Request completed"}
{"level":30,"timestamp":"2025-07-25T11:36:54.782Z","env":"production","version":"1.0.0","method":"GET","url":"/","statusCode":200,"responseTime":"0.83ms","userAgent":"node","ip":"::1","message":"Request completed"}
{"level":30,"timestamp":"2025-07-25T11:36:56.253Z","env":"production","version":"1.0.0","method":"GET","url":"/","statusCode":200,"responseTime":"1.87ms","userAgent":"node","ip":"::1","message":"Request completed"}
{"level":30,"timestamp":"2025-07-25T11:36:56.254Z","env":"production","version":"1.0.0","method":"GET","url":"/","statusCode":200,"responseTime":"1.21ms","userAgent":"node","ip":"::1","message":"Request completed"}
{"level":30,"timestamp":"2025-07-25T11:36:56.262Z","env":"production","version":"1.0.0","method":"GET","url":"/","statusCode":200,"responseTime":"1.21ms","userAgent":"node","ip":"::1","message":"Request completed"}
{"level":30,"timestamp":"2025-07-25T11:36:56.264Z","env":"production","version":"1.0.0","method":"GET","url":"/","statusCode":200,"responseTime":"1.25ms","userAgent":"node","ip":"::1","message":"Request completed"}
{"level":30,"timestamp":"2025-07-25T11:36:58.923Z","env":"production","version":"1.0.0","method":"GET","url":"/pages/1","statusCode":200,"responseTime":"3.34ms","userAgent":"node","ip":"::1","message":"Request completed"}
{"level":30,"timestamp":"2025-07-25T11:36:58.933Z","env":"production","version":"1.0.0","method":"GET","url":"/pages/1","statusCode":200,"responseTime":"2.98ms","userAgent":"node","ip":"::1","message":"Request completed"}
{"level":30,"timestamp":"2025-07-25T11:37:01.794Z","env":"production","version":"1.0.0","method":"GET","url":"/","statusCode":200,"responseTime":"1.82ms","userAgent":"node","ip":"::1","message":"Request completed"}
{"level":30,"timestamp":"2025-07-25T11:37:01.798Z","env":"production","version":"1.0.0","method":"GET","url":"/","statusCode":200,"responseTime":"1.10ms","userAgent":"node","ip":"::1","message":"Request completed"}
{"level":30,"timestamp":"2025-07-25T11:37:01.805Z","env":"production","version":"1.0.0","method":"GET","url":"/","statusCode":200,"responseTime":"1.37ms","userAgent":"node","ip":"::1","message":"Request completed"}
{"level":30,"timestamp":"2025-07-25T11:37:01.808Z","env":"production","version":"1.0.0","method":"GET","url":"/","statusCode":200,"responseTime":"0.95ms","userAgent":"node","ip":"::1","message":"Request completed"}
{"level":30,"timestamp":"2025-07-25T11:37:29.499Z","env":"production","version":"1.0.0","method":"GET","url":"/","statusCode":200,"responseTime":"1.79ms","userAgent":"node","ip":"::1","message":"Request completed"}
{"level":30,"timestamp":"2025-07-25T11:37:29.502Z","env":"production","version":"1.0.0","method":"GET","url":"/","statusCode":200,"responseTime":"1.20ms","userAgent":"node","ip":"::1","message":"Request completed"}
{"level":30,"timestamp":"2025-07-25T11:37:29.508Z","env":"production","version":"1.0.0","method":"GET","url":"/","statusCode":200,"responseTime":"1.32ms","userAgent":"node","ip":"::1","message":"Request completed"}
{"level":30,"timestamp":"2025-07-25T11:37:29.511Z","env":"production","version":"1.0.0","method":"GET","url":"/","statusCode":200,"responseTime":"0.84ms","userAgent":"node","ip":"::1","message":"Request completed"}
